help.are
h-immref.hlp
arena.are
limbo.are
smurf.are
plains.are
ofcol2.are
olympus.are
air.are
shire.are
hitower.are
gnome.are
wyvern.are
catacomb.are
hood.are
draconia.are
mahntor.are
trollden.are
firenewt.are
midgaard.are
chapel.are
midennir.are
grave.are
school.are
moria.are
juargan.are
eastern.are
drow.are
thalos.are
mirror.are
ofcol.are
haon.are
arachnos.are
dwarven.are
daycare.are
sewer.are
valley.are
redferne.are
mega1.are
marsh.are
dream.are
grove.are
dylan.are
canyon.are
galaxy.are
mobfact.are
kavir.are
vallandar.are
start.are
quest.are
ultima.are
pyramid.are
magetest.are
abode.are
relic.are
weed.are
atlantis.are
astral.are
doom.are
dragonf.are
Demontemple.are
tybain.are
sunyata.are
eohard.are
eoeasy.are
aftershock.are
link1.are
dragonheart.are
hallotit.are
newbiearena.are
centuarvillage.are
stlouis.are
madness.are
emotion.are
ravenloft.are
hohen.are
newbieeq.are
$
